c:\users\cfree\documents\visual studio 2015\projects\subway\subway\debug\subway.pch.codeanalysis
c:\users\cfree\documents\visual studio 2015\projects\subway\subway\debug\vc140.pdb
c:\users\cfree\documents\visual studio 2015\projects\subway\subway\debug\vc140.idb
c:\users\cfree\documents\visual studio 2015\projects\subway\subway\debug\subway.pch.codeanalysisast
c:\users\cfree\documents\visual studio 2015\projects\subway\subway\debug\stdafx.nativecodeanalysis.xml
c:\users\cfree\documents\visual studio 2015\projects\subway\subway\debug\stdafx.obj
c:\users\cfree\documents\visual studio 2015\projects\subway\subway\debug\subway.pch
c:\users\cfree\documents\visual studio 2015\projects\subway\subway\debug\subway.nativecodeanalysis.xml
c:\users\cfree\documents\visual studio 2015\projects\subway\subway\debug\subway.obj
c:\users\cfree\documents\visual studio 2015\projects\subway\debug\subway.ilk
c:\users\cfree\documents\visual studio 2015\projects\subway\debug\subway.exe
c:\users\cfree\documents\visual studio 2015\projects\subway\debug\subway.pdb
c:\users\cfree\documents\visual studio 2015\projects\subway\subway\debug\nativecodeanalysis.read.1.tlog
c:\users\cfree\documents\visual studio 2015\projects\subway\subway\debug\vc.nativecodeanalysis.all.xml
c:\users\cfree\documents\visual studio 2015\projects\subway\debug\subway.exe.lastcodeanalysissucceeded
c:\users\cfree\documents\visual studio 2015\projects\subway\subway\debug\subway.tlog\cl.command.1.tlog
c:\users\cfree\documents\visual studio 2015\projects\subway\subway\debug\subway.tlog\cl.read.1.tlog
c:\users\cfree\documents\visual studio 2015\projects\subway\subway\debug\subway.tlog\cl.write.1.tlog
c:\users\cfree\documents\visual studio 2015\projects\subway\subway\debug\subway.tlog\link.command.1.tlog
c:\users\cfree\documents\visual studio 2015\projects\subway\subway\debug\subway.tlog\link.read.1.tlog
c:\users\cfree\documents\visual studio 2015\projects\subway\subway\debug\subway.tlog\link.write.1.tlog
