c:\users\cfree\documents\visual studio 2015\projects\subway\subway\release\subway.pch.codeanalysis
c:\users\cfree\documents\visual studio 2015\projects\subway\subway\release\vc140.pdb
c:\users\cfree\documents\visual studio 2015\projects\subway\subway\release\subway.pch.codeanalysisast
c:\users\cfree\documents\visual studio 2015\projects\subway\subway\release\stdafx.nativecodeanalysis.xml
c:\users\cfree\documents\visual studio 2015\projects\subway\subway\release\stdafx.obj
c:\users\cfree\documents\visual studio 2015\projects\subway\subway\release\subway.nativecodeanalysis.xml
c:\users\cfree\documents\visual studio 2015\projects\subway\subway\release\subway.obj
c:\users\cfree\documents\visual studio 2015\projects\subway\release\subway.exe
c:\users\cfree\documents\visual studio 2015\projects\subway\release\subway.ipdb
c:\users\cfree\documents\visual studio 2015\projects\subway\release\subway.iobj
c:\users\cfree\documents\visual studio 2015\projects\subway\release\subway.pdb
c:\users\cfree\documents\visual studio 2015\projects\subway\subway\release\nativecodeanalysis.read.1.tlog
c:\users\cfree\documents\visual studio 2015\projects\subway\subway\release\vc.nativecodeanalysis.all.xml
c:\users\cfree\documents\visual studio 2015\projects\subway\release\subway.exe.lastcodeanalysissucceeded
c:\users\cfree\documents\visual studio 2015\projects\subway\subway\release\subway.tlog\cl.command.1.tlog
c:\users\cfree\documents\visual studio 2015\projects\subway\subway\release\subway.tlog\cl.read.1.tlog
c:\users\cfree\documents\visual studio 2015\projects\subway\subway\release\subway.tlog\cl.write.1.tlog
c:\users\cfree\documents\visual studio 2015\projects\subway\subway\release\subway.tlog\link.command.1.tlog
c:\users\cfree\documents\visual studio 2015\projects\subway\subway\release\subway.tlog\link.read.1.tlog
c:\users\cfree\documents\visual studio 2015\projects\subway\subway\release\subway.tlog\link.write.1.tlog
